[Wed May 24 21:54:45 UTC 2023][INFO] [Action] EE NewBook
[Wed May 24 21:54:56 UTC 2023][INFO] [Action] E AutoChapterGroupAction - 0
[Wed May 24 21:54:59 UTC 2023][INFO] [Action] E RevertApplyAutoChapterAction - (r,49769,49769)
[Wed May 24 21:55:05 UTC 2023][INFO] [Action] E ItemChanged - -1,3
[Wed May 24 21:55:05 UTC 2023][INFO] [Action] E ItemChanged - -1,1
[Wed May 24 21:55:08 UTC 2023][INFO] [Action] E ItemChanged - -1,1
[Wed May 24 21:55:21 UTC 2023][INFO] [Action] E UpdateStyle - (c,3,1),34:320:3,(c,3,1),F
[Wed May 24 21:55:23 UTC 2023][INFO] [Action] E UpdateStyle - (c,3,1),34:320:3,(r,3,3),F
[Wed May 24 21:55:25 UTC 2023][INFO] [Action] E UpdateStyle - (r,3,22),34:320:3,(r,3,22),F
[Wed May 24 21:55:27 UTC 2023][INFO] [Action] E UpdateStyle - (r,3,22),11:Bookerly,serif:4,(r,3,22),F
[Wed May 24 21:55:30 UTC 2023][INFO] [Action] E UpdateStyle - (r,3,22),11:AmazonEmber,sans-serif:4,(r,3,22),F
[Wed May 24 21:55:34 UTC 2023][INFO] [Action] E ApplySemantics - (r,3,22),chapter_title
[Wed May 24 21:55:34 UTC 2023][INFO] [Action] EFail ApplySemantics - 4
[Wed May 24 21:55:40 UTC 2023][INFO] [Action] E ItemChanged - -1,49750
[Wed May 24 21:55:41 UTC 2023][INFO] [Action] E ItemChanged - -1,3
[Wed May 24 21:55:46 UTC 2023][INFO] [Action] E ApplySemantics - (r,24,414),first_para
[Wed May 24 21:56:08 UTC 2023][INFO] [Action] E DeleteContent - (r,23,23),B
[Wed May 24 21:56:16 UTC 2023][INFO] [Action] E AddTextContainer - (c,23,1),1,0,0
[Wed May 24 21:56:16 UTC 2023][INFO] [Action] E AddTextContainer - (c,24,1),1,0,0
[Wed May 24 21:56:17 UTC 2023][INFO] [Action] E AddTextContainer - (c,25,1),1,0,0
[Wed May 24 21:56:17 UTC 2023][INFO] [Action] E AddTextContainer - (c,26,1),1,0,0
[Wed May 24 21:56:17 UTC 2023][INFO] [Action] E AddTextContainer - (c,27,1),1,0,0
[Wed May 24 21:56:17 UTC 2023][INFO] [Action] E AddTextContainer - (c,28,1),1,0,0
[Wed May 24 21:56:18 UTC 2023][INFO] [Action] E AddTextContainer - (c,29,1),1,0,0
[Wed May 24 21:56:18 UTC 2023][INFO] [Action] E AddTextContainer - (c,30,1),1,0,0
[Wed May 24 21:56:18 UTC 2023][INFO] [Action] E AddTextContainer - (c,31,1),1,0,0
[Wed May 24 21:56:18 UTC 2023][INFO] [Action] E AddTextContainer - (c,32,1),1,0,0
[Wed May 24 21:56:19 UTC 2023][INFO] [Action] E AddTextContainer - (c,33,1),1,0,0
[Wed May 24 21:56:19 UTC 2023][INFO] [Action] E AddTextContainer - (c,34,1),1,0,0
[Wed May 24 21:56:19 UTC 2023][INFO] [Action] E AddTextContainer - (c,35,1),1,0,0
[Wed May 24 21:56:19 UTC 2023][INFO] [Action] E AddTextContainer - (c,36,1),1,0,0
[Wed May 24 21:56:20 UTC 2023][INFO] [Action] E AddTextContainer - (c,37,1),1,0,0
[Wed May 24 21:56:20 UTC 2023][INFO] [Action] E AddTextContainer - (c,38,1),1,0,0
[Wed May 24 21:56:22 UTC 2023][INFO] [Action] E AddTextContainer - (c,3,1),1,0,0
[Wed May 24 21:56:22 UTC 2023][INFO] [Action] E AddTextContainer - (c,4,1),1,0,0
[Wed May 24 21:56:23 UTC 2023][INFO] [Action] E AddTextContainer - (c,5,1),1,0,0
[Wed May 24 21:56:23 UTC 2023][INFO] [Action] E AddTextContainer - (c,6,1),1,0,0
[Wed May 24 21:56:23 UTC 2023][INFO] [Action] E AddTextContainer - (c,7,1),1,0,0
[Wed May 24 21:56:23 UTC 2023][INFO] [Action] E AddTextContainer - (c,8,1),1,0,0
[Wed May 24 21:56:23 UTC 2023][INFO] [Action] E AddTextContainer - (c,9,1),1,0,0
[Wed May 24 21:56:24 UTC 2023][INFO] [Action] E AddTextContainer - (c,10,1),1,0,0
[Wed May 24 21:56:25 UTC 2023][INFO] [Action] E MergeContainer - 45,0
[Wed May 24 21:56:25 UTC 2023][INFO] [Action] E MergeContainer - 45,0
[Wed May 24 21:56:48 UTC 2023][INFO] [Action] E DeleteContent - (r,9171,9171),B
[Wed May 24 21:56:50 UTC 2023][INFO] [Action] E DeleteContent - (r,10479,10479),B
[Wed May 24 21:56:53 UTC 2023][INFO] [Action] E DeleteContent - (r,13320,13320),B
[Wed May 24 21:56:54 UTC 2023][INFO] [Action] E DeleteContent - (r,14908,14908),B
[Wed May 24 21:56:56 UTC 2023][INFO] [Action] E DeleteContent - (r,17389,17389),B
[Wed May 24 21:56:59 UTC 2023][INFO] [Action] E DeleteContent - (r,17784,17784),B
[Wed May 24 21:57:04 UTC 2023][INFO] [Action] E DeleteContent - (r,21332,21332),B
[Wed May 24 21:57:05 UTC 2023][INFO] [Action] E DeleteContent - (r,22674,22674),B
[Wed May 24 21:57:07 UTC 2023][INFO] [Action] E DeleteContent - (r,25502,25502),B
[Wed May 24 21:57:09 UTC 2023][INFO] [Action] E DeleteContent - (r,26872,26872),B
[Wed May 24 21:57:11 UTC 2023][INFO] [Action] E DeleteContent - (r,30763,30763),B
[Wed May 24 21:57:12 UTC 2023][INFO] [Action] E DeleteContent - (r,31899,31899),B
[Wed May 24 21:57:14 UTC 2023][INFO] [Action] E DeleteContent - (r,34791,34791),B
[Wed May 24 21:57:17 UTC 2023][INFO] [Action] E DeleteContent - (r,39794,39794),B
[Wed May 24 21:57:25 UTC 2023][INFO] [Action] E PreviewBook - 48905
[Wed May 24 21:58:14 UTC 2023][INFO] [Action] EE UpdateImageAction - (r,1,1),[584:UNK],0,1,0.000000,0.000000,0.000000,0.000000,0.000000,0.000000,0
[Wed May 24 21:58:15 UTC 2023][INFO] [Action] EE UpdateImageAction - (r,1,1),[584:],0,1,0.000000,0.000000,0.000000,0.000000,0.000000,0.000000,0
[Wed May 24 22:01:33 UTC 2023][INFO] [Action] EE ReplaceImageAction - (r,1,1),library_600x900_2x.jpg,2
[Wed May 24 22:01:35 UTC 2023][INFO] [Action] EE UpdateImageAction - (r,1,1),[56:100.000000],4,1,0.000000,0.000000,0.000000,0.000000,0.000000,0.000000,0
[Wed May 24 22:01:37 UTC 2023][INFO] [Action] EE UpdateImageAction - (r,1,1),[56:75.000000],3,1,0.000000,0.000000,0.000000,0.000000,0.000000,0.000000,0
[Wed May 24 22:01:38 UTC 2023][INFO] [Action] EE UpdateImageAction - (r,1,1),[56:100.000000],4,1,0.000000,0.000000,0.000000,0.000000,0.000000,0.000000,0
[Wed May 24 22:02:12 UTC 2023][INFO] [Action] EE UpdateImageAction - (r,1,1),[584:Limiar vagando para o horizonte],0,1,0.000000,0.000000,0.000000,0.000000,0.000000,0.000000,0
[Wed May 24 22:02:13 UTC 2023][INFO] [Action] E PreviewBook - 1
[Wed May 24 22:02:55 UTC 2023][INFO] [Action] E ItemChanged - -1,1
[Wed May 24 22:04:33 UTC 2023][INFO] [Action] E DeleteContent - (r,1,1),B
[Wed May 24 22:17:36 UTC 2023][INFO] [Action] E FixedFormAction - MCwwLFBST1AtTElTVDp7ImNvbXBvbmVudHMiOlt7Im5hbWUiOiJib29rX3RpdGxlIiwidHlwZSI6InRleHQiLCJ2YWx1ZSI6Ik1vbm9jcm9tIn0seyJuYW1lIjoiYm9va19zdWJ0aXRsZSIsInR5cGUiOiJ0ZXh0IiwidmFsdWUiOiJBIGpvcm5hZGEgZGEgYWxtYSBlbSB0b25zIGRlIHZpZGEifSx7Im5hbWUiOiJhdXRob3JfbmFtZSIsInR5cGUiOiJ0ZXh0IiwidmFsdWUiOiJNZXN0cmVTb2wifSx7Im5hbWUiOiJwdWJsaXNoZXIiLCJ0eXBlIjoidGV4dCIsInZhbHVlIjoiT2xkIEJhcm9tIn0seyJuYW1lIjoicHVibGlzaGVyX2xvZ28iLCJ0eXBlIjoiaW1hZ2UiLCJ2YWx1ZSI6IiJ9XSwicGFnZV90eXBlIjoidGl0bGVfcGFnZSJ9Cg==
[Wed May 24 22:17:44 UTC 2023][INFO] [Action] E FixedFormAction - MSwwLFBST1AtTElTVDp7ImNvbXBvbmVudHMiOlt7Im5hbWUiOiJib29rX3RpdGxlIiwidHlwZSI6InRleHQiLCJ2YWx1ZSI6Ik1vbm9jcm9tIn0seyJuYW1lIjoiYm9va19zdWJ0aXRsZSIsInR5cGUiOiJ0ZXh0IiwidmFsdWUiOiJBIGpvcm5hZGEgZGEgYWxtYSBlbSB0b25zIGRlIHZpZGEifSx7Im5hbWUiOiJhdXRob3JfbmFtZSIsInR5cGUiOiJ0ZXh0IiwidmFsdWUiOiJNZXN0cmVTb2wifSx7Im5hbWUiOiJwdWJsaXNoZXIiLCJ0eXBlIjoidGV4dCIsInZhbHVlIjoiT2xkIEJhcm9tIn0seyJuYW1lIjoicHVibGlzaGVyX2xvZ28iLCJ0eXBlIjoiaW1hZ2UiLCJ2YWx1ZSI6IiJ9XSwicGFnZV90eXBlIjoidGl0bGVfcGFnZSJ9Cg==
[Wed May 24 22:18:55 UTC 2023][INFO] [Action] E ItemChanged - -1,1
[Wed May 24 22:19:06 UTC 2023][INFO] [Action] E InsertTocAction - (0)
[Wed May 24 22:19:10 UTC 2023][INFO] [Action] E ItemChanged - -1,61
[Wed May 24 22:19:13 UTC 2023][INFO] [Action] E InsertGenericPageAction - 7,1
[Wed May 24 22:19:21 UTC 2023][INFO] [Action] E InsertGenericPageAction - 8,2
[Wed May 24 22:19:23 UTC 2023][INFO] [Action] E ItemChanged - -1,137
[Wed May 24 22:19:23 UTC 2023][INFO] [Action] E ItemChanged - -1,137
[Wed May 24 22:19:24 UTC 2023][INFO] [Action] E DeleteContent - (r,137,335),B
[Wed May 24 22:23:09 UTC 2023][INFO] [Action] E Paste - (r,136,326),2246
[Wed May 24 22:23:12 UTC 2023][INFO] [Action] U Paste
[Wed May 24 22:24:05 UTC 2023][INFO] [Action] E DeleteContent - (r,136,326),B
[Wed May 24 22:24:07 UTC 2023][INFO] [Action] E InsertTextContent - (c,136,1),[D]
[Wed May 24 22:24:07 UTC 2023][INFO] [Action] E InsertTextContent - (c,136,2),[o]
[Wed May 24 22:24:07 UTC 2023][INFO] [Action] E InsertTextContent - (c,137,2),[s]
[Wed May 24 22:24:07 UTC 2023][INFO] [Action] E InsertTextContent - (c,138,2),[SPACE]
[Wed May 24 22:24:07 UTC 2023][INFO] [Action] E InsertTextContent - (c,139,2),[c]
[Wed May 24 22:24:07 UTC 2023][INFO] [Action] E InsertTextContent - (c,140,2),[o]
[Wed May 24 22:24:08 UTC 2023][INFO] [Action] E InsertTextContent - (c,141,2),[n]
[Wed May 24 22:24:12 UTC 2023][INFO] [Action] E InsertTextContent - (c,142,2),[f]
[Wed May 24 22:24:12 UTC 2023][INFO] [Action] E InsertTextContent - (c,143,2),[i]
[Wed May 24 22:24:12 UTC 2023][INFO] [Action] E InsertTextContent - (c,144,2),[n]
[Wed May 24 22:24:12 UTC 2023][INFO] [Action] E InsertTextContent - (c,145,2),[s]
[Wed May 24 22:24:12 UTC 2023][INFO] [Action] E InsertTextContent - (c,146,2),[SPACE]
[Wed May 24 22:24:13 UTC 2023][INFO] [Action] E InsertTextContent - (c,147,2),[d]
[Wed May 24 22:24:15 UTC 2023][INFO] [Action] E InsertTextContent - (c,148,2),[e]
[Wed May 24 22:24:15 UTC 2023][INFO] [Action] E InsertTextContent - (c,149,2),[SPACE]
[Wed May 24 22:24:15 UTC 2023][INFO] [Action] E InsertTextContent - (c,150,2),[u]
[Wed May 24 22:24:15 UTC 2023][INFO] [Action] E InsertTextContent - (c,151,2),[m]
[Wed May 24 22:24:16 UTC 2023][INFO] [Action] E InsertTextContent - (c,152,2),[SPACE]
[Wed May 24 22:24:16 UTC 2023][INFO] [Action] E InsertTextContent - (c,153,2),[b]
[Wed May 24 22:24:17 UTC 2023][INFO] [Action] E DeleteContent - (c,154,2),B
[Wed May 24 22:24:17 UTC 2023][INFO] [Action] E InsertTextContent - (c,153,2),[v]
[Wed May 24 22:24:17 UTC 2023][INFO] [Action] E InsertTextContent - (c,154,2),[e]
[Wed May 24 22:24:17 UTC 2023][INFO] [Action] E InsertTextContent - (c,155,2),[l]
[Wed May 24 22:24:17 UTC 2023][INFO] [Action] E InsertTextContent - (c,156,2),[h]
[Wed May 24 22:24:17 UTC 2023][INFO] [Action] E InsertTextContent - (c,157,2),[o]
[Wed May 24 22:24:17 UTC 2023][INFO] [Action] E InsertTextContent - (c,158,2),[SPACE]
[Wed May 24 22:24:17 UTC 2023][INFO] [Action] E InsertTextContent - (c,159,2),[p]
[Wed May 24 22:24:18 UTC 2023][INFO] [Action] E InsertTextContent - (c,160,2),[o]
[Wed May 24 22:24:18 UTC 2023][INFO] [Action] E InsertTextContent - (c,161,2),[r]
[Wed May 24 22:24:18 UTC 2023][INFO] [Action] E InsertTextContent - (c,162,2),[a]
[Wed May 24 22:24:18 UTC 2023][INFO] [Action] E InsertTextContent - (c,163,2),[m]
[Wed May 24 22:24:18 UTC 2023][INFO] [Action] E InsertTextContent - (c,164,2),[SPACE]
[Wed May 24 22:24:19 UTC 2023][INFO] [Action] E InsertTextContent - (c,165,2),[a]
[Wed May 24 22:24:19 UTC 2023][INFO] [Action] E InsertTextContent - (c,166,2),[b]
[Wed May 24 22:24:19 UTC 2023][INFO] [Action] E InsertTextContent - (c,167,2),[a]
[Wed May 24 22:24:19 UTC 2023][INFO] [Action] E InsertTextContent - (c,168,2),[n]
[Wed May 24 22:24:19 UTC 2023][INFO] [Action] E InsertTextContent - (c,169,2),[d]
[Wed May 24 22:24:19 UTC 2023][INFO] [Action] E InsertTextContent - (c,170,2),[o]
[Wed May 24 22:24:20 UTC 2023][INFO] [Action] E InsertTextContent - (c,171,2),[n]
[Wed May 24 22:24:20 UTC 2023][INFO] [Action] E InsertTextContent - (c,172,2),[a]
[Wed May 24 22:24:20 UTC 2023][INFO] [Action] E InsertTextContent - (c,173,2),[d]
[Wed May 24 22:24:20 UTC 2023][INFO] [Action] E InsertTextContent - (c,174,2),[o]
[Wed May 24 22:24:20 UTC 2023][INFO] [Action] E InsertTextContent - (c,175,2),[SPACE]
[Wed May 24 22:24:20 UTC 2023][INFO] [Action] E DeleteContent - (c,176,2),B
[Wed May 24 22:25:24 UTC 2023][INFO] [Action] E InsertTextContent - (c,175,2),[e]
[Wed May 24 22:59:05 UTC 2023][INFO] [Action] E Paste - (r,136,176),1466
[Wed May 24 22:59:09 UTC 2023][INFO] [Action] E MergeContainer - 145,1
[Wed May 24 22:59:09 UTC 2023][INFO] [Action] E DeleteContent - (c,144,2),B
[Wed May 24 22:59:11 UTC 2023][INFO] [Action] E DeleteContent - (r,136,143),B
[Wed May 24 22:59:22 UTC 2023][INFO] [Action] E PreviewBook - 129
[Wed May 24 22:59:33 UTC 2023][INFO] [Action] E RemoveSectionBreak - 129,0
[Wed May 24 22:59:33 UTC 2023][INFO] [Action] EFail RemoveSectionBreak - 4
[Wed May 24 23:00:40 UTC 2023][INFO] [Action] E UpdateStyle - (r,129,135),11:Bookerly,serif:4,(r,129,135),F
[Wed May 24 23:00:43 UTC 2023][INFO] [Action] E UpdateStyle - (r,129,135),11:SourceCodePro,monospace:4,(r,129,135),F
[Wed May 24 23:00:45 UTC 2023][INFO] [Action] E UpdateStyle - (r,129,135),11:AmazonEmber,sans-serif:4,(r,129,135),F
[Wed May 24 23:00:46 UTC 2023][INFO] [Action] E UpdateStyle - (r,129,135),34:320:3,(r,129,135),F
[Wed May 24 23:00:50 UTC 2023][INFO] [Action] E MergeContainer - 1185,0
[Wed May 24 23:00:53 UTC 2023][INFO] [Action] E MergeContainer - 926,0
[Wed May 24 23:00:55 UTC 2023][INFO] [Action] E MergeContainer - 694,0
[Wed May 24 23:00:58 UTC 2023][INFO] [Action] E MergeContainer - 433,0
[Wed May 24 23:01:12 UTC 2023][INFO] [Action] E ItemChanged - -1,61
[Wed May 24 23:01:12 UTC 2023][INFO] [Action] E ItemChanged - -1,1
[Wed May 24 23:03:02 UTC 2023][INFO] [Action] E ItemChanged - -1,1552
[Wed May 24 23:03:06 UTC 2023][INFO] [Action] E DeleteContent - (r,1552,1552),F
[Wed May 24 23:03:06 UTC 2023][INFO] [Action] E MergeContainer - 1552,0
[Wed May 24 23:03:06 UTC 2023][INFO] [Action] E MergeContainer - 1552,0
[Wed May 24 23:03:06 UTC 2023][INFO] [Action] E MergeContainer - 1552,0
[Wed May 24 23:03:06 UTC 2023][INFO] [Action] E MergeContainer - 1552,0
[Wed May 24 23:03:06 UTC 2023][INFO] [Action] E MergeContainer - 1552,0
[Wed May 24 23:03:07 UTC 2023][INFO] [Action] E MergeContainer - 1552,0
[Wed May 24 23:03:07 UTC 2023][INFO] [Action] E MergeContainer - 1552,0
[Wed May 24 23:03:07 UTC 2023][INFO] [Action] E DeleteContent - (r,1552,1552),F
[Wed May 24 23:03:07 UTC 2023][INFO] [Action] E DeleteContent - (r,1551,1551),F
[Wed May 24 23:03:11 UTC 2023][INFO] [Action] E InsertTextContent - (c,1550,1),[H]
[Wed May 24 23:03:11 UTC 2023][INFO] [Action] E InsertTextContent - (c,1551,2),[i]
[Wed May 24 23:03:15 UTC 2023][INFO] [Action] E ApplySemantics - (r,1552,1571),chapter_title
[Wed May 24 23:03:15 UTC 2023][INFO] [Action] EFail ApplySemantics - 4
[Wed May 24 23:03:27 UTC 2023][INFO] [Action] E ApplySemantics - (r,1552,1571),chapter_title
[Wed May 24 23:03:27 UTC 2023][INFO] [Action] EFail ApplySemantics - 4
[Wed May 24 23:03:29 UTC 2023][INFO] [Action] E MergeContainer - 1572,0
[Wed May 24 23:03:30 UTC 2023][INFO] [Action] E MergeContainer - 1572,0
[Wed May 24 23:03:30 UTC 2023][INFO] [Action] E MergeContainer - 1572,0
[Wed May 24 23:03:30 UTC 2023][INFO] [Action] E MergeContainer - 1572,0
[Wed May 24 23:03:30 UTC 2023][INFO] [Action] E MergeContainer - 1572,0
[Wed May 24 23:03:30 UTC 2023][INFO] [Action] E MergeContainer - 1572,0
[Wed May 24 23:03:30 UTC 2023][INFO] [Action] E MergeContainer - 1572,0
[Wed May 24 23:03:30 UTC 2023][INFO] [Action] E MergeContainer - 1572,0
[Wed May 24 23:03:31 UTC 2023][INFO] [Action] E MergeContainer - 1572,0
[Wed May 24 23:03:31 UTC 2023][INFO] [Action] E MergeContainer - 1572,0
[Wed May 24 23:03:31 UTC 2023][INFO] [Action] E MergeContainer - 1572,0
[Wed May 24 23:03:31 UTC 2023][INFO] [Action] E MergeContainer - 1572,0
[Wed May 24 23:03:31 UTC 2023][INFO] [Action] E MergeContainer - 1572,0
[Wed May 24 23:03:31 UTC 2023][INFO] [Action] E MergeContainer - 1572,0
[Wed May 24 23:03:31 UTC 2023][INFO] [Action] E DeleteContent - (r,1572,1572),F
[Wed May 24 23:03:31 UTC 2023][INFO] [Action] E DeleteContent - (r,1572,1572),F
[Wed May 24 23:03:33 UTC 2023][INFO] [Action] E InsertTextContent - (c,1572,1),[H]
[Wed May 24 23:03:33 UTC 2023][INFO] [Action] E InsertTextContent - (c,1572,2),[a]
[Wed May 24 23:03:35 UTC 2023][INFO] [Action] E DeleteContent - (c,1573,2),B
[Wed May 24 23:03:35 UTC 2023][INFO] [Action] E InsertTextContent - (c,1573,1),[รก]
[Wed May 24 23:04:04 UTC 2023][INFO] [Action] E ItemChanged - -1,129
[Wed May 24 23:04:05 UTC 2023][INFO] [Action] E ItemChanged - -1,129
[Wed May 24 23:05:47 UTC 2023][INFO] [Action] E SaveBook - Save
[Wed May 24 23:05:56 UTC 2023][INFO] [Action] E SaveBook - Save
[Wed May 24 23:05:56 UTC 2023][INFO] Logger Terminated
[Sat May 27 21:27:54 UTC 2023][INFO] [Action] EE OpenBook - Monocrom.kcb
[Sat May 27 21:28:08 UTC 2023][INFO] [Action] E SaveBook - Save
[Sat May 27 21:28:09 UTC 2023][INFO] Logger Terminated
